#
# A fatal error has been detected by the Java Runtime Environment:
#
#  SIGSEGV (0xb) at pc=0x00007f250f618e79, pid=38431, tid=38432
#
# JRE version: OpenJDK Runtime Environment (11.0.9.1+1) (build 11.0.9.1+1-Ubuntu-0ubuntu1.20.04)
# Java VM: OpenJDK 64-Bit Server VM (11.0.9.1+1-Ubuntu-0ubuntu1.20.04, mixed mode, sharing, tiered, compressed oops, g1 gc, linux-amd64)
# Problematic frame:
# C  [libController.so+0x57e79]
#
# Core dump will be written. Default location: Core dumps may be processed with "/usr/share/apport/apport %p %s %c %d %P %E" (or dumping to /home/nariman/git/lab2-ecse211_g12/controllers/Lab2/core.38431)
#
# If you would like to submit a bug report, please visit:
#   https://bugs.launchpad.net/ubuntu/+source/openjdk-lts
# The crash happened outside the Java Virtual Machine in native code.
# See problematic frame for where to report the bug.
#

---------------  S U M M A R Y ------------

Command Line: -Djava.library.path=/home/nariman/webots/lib/controller/java Lab2

Host: Intel(R) Core(TM) i7-4510U CPU @ 2.00GHz, 4 cores, 7G, Ubuntu 20.04.1 LTS
Time: Fri Jan 29 15:43:28 2021 EST elapsed time: 3.092116 seconds (0d 0h 0m 3s)

---------------  T H R E A D  ---------------

Current thread (0x00007f2550017000):  JavaThread "main" [_thread_in_native, id=38432, stack(0x00007f2554157000,0x00007f2554258000)]

Stack: [0x00007f2554157000,0x00007f2554258000],  sp=0x00007f2554254560,  free space=1013k
Native frames: (J=compiled Java code, A=aot compiled Java code, j=interpreted, Vv=VM code, C=native code)
C  [libController.so+0x57e79]

Java frames: (J=compiled Java code, j=interpreted, Vv=VM code)
j  com.cyberbotics.webots.controller.wrapperJNI.new_Robot()J+0
j  com.cyberbotics.webots.controller.Robot.<init>()V+1
j  simlejos.hardware.ev3.LocalEV3.<init>()V+8
j  simlejos.hardware.ev3.LocalEV3.<clinit>()V+4
v  ~StubRoutines::call_stub
j  simlejos.hardware.port.MotorPort.<clinit>()V+0
v  ~StubRoutines::call_stub
j  simlejos.hardware.motor.Motor.<clinit>()V+4
v  ~StubRoutines::call_stub
j  ca.mcgill.ecse211.project.Resources.<clinit>()V+6
v  ~StubRoutines::call_stub
j  ca.mcgill.ecse211.project.Main.main([Ljava/lang/String;)V+7
j  Lab2.main([Ljava/lang/String;)V+1
v  ~StubRoutines::call_stub

siginfo: si_signo: 11 (SIGSEGV), si_code: 1 (SEGV_MAPERR), si_addr: 0x0000000000000000

Register to memory mapping:

RAX=0x0 is NULL
RBX=0x00007f2550198eb0 points into unknown readable memory: 50 8f 19 50 25 7f 00 00
RCX=0x0000000000000001 is an unknown value
RDX=0x0 is NULL
RSP=0x00007f2554254560 is pointing into the stack for thread: 0x00007f2550017000
RBP=0x00007f255019a710 points into unknown readable memory: 00 00 00 00 00 00 00 00
RSI=0x0 is NULL
RDI=0x0 is NULL
R8 =0x0 is NULL
R9 =0x00007f255019bbe0 points into unknown readable memory: 60 cc 19 50 25 7f 00 00
R10=0x00007f250f5ca932: <offset 0x0000000000009932> in /home/nariman/webots/lib/controller/libController.so at 0x00007f250f5c1000
R11=0x00007f250f615600: remote_control_is_initialized+0x0000000000000000 in /home/nariman/webots/lib/controller/libController.so at 0x00007f250f5c1000
R12=0x0 is NULL
R13={method} {0x00007f252cc50b80} 'new_Robot' '()J' in 'com/cyberbotics/webots/controller/wrapperJNI'
R14=0x00007f2554254ab8 is pointing into the stack for thread: 0x00007f2550017000
R15=0x00007f2550017000 is a thread


Registers:
RAX=0x0000000000000000, RBX=0x00007f2550198eb0, RCX=0x0000000000000001, RDX=0x0000000000000000
RSP=0x00007f2554254560, RBP=0x00007f255019a710, RSI=0x0000000000000000, RDI=0x0000000000000000
R8 =0x0000000000000000, R9 =0x00007f255019bbe0, R10=0x00007f250f5ca932, R11=0x00007f250f615600
R12=0x0000000000000000, R13=0x00007f252cc50b80, R14=0x00007f2554254ab8, R15=0x00007f2550017000
RIP=0x00007f250f618e79, EFLAGS=0x0000000000010246, CSGSFS=0x002b000000000033, ERR=0x0000000000000004
  TRAPNO=0x000000000000000e

Top of Stack: (sp=0x00007f2554254560)
0x00007f2554254560:   00007f2550129760 00007f2500000000
0x00007f2554254570:   000000000000000a 00007f2500000001
0x00007f2554254580:   00000000ffffffff 0000000b0000000b
0x00007f2554254590:   00007f250f64e438 00007f250f6446d8 

Instructions: (pc=0x00007f250f618e79)
0x00007f250f618d79:   48 89 ef e8 5f 90 fb ff 85 c0 0f 84 ad 02 00 00
0x00007f250f618d89:   48 89 ef e8 df 7a fb ff bf 08 00 00 00 c7 05 bc
0x00007f250f618d99:   c2 02 00 01 00 00 00 e8 cb 87 fb ff bf 40 00 00
0x00007f250f618da9:   00 48 89 c3 48 89 05 8c c2 02 00 e8 b7 87 fb ff
0x00007f250f618db9:   c6 05 58 c3 02 00 01 f3 0f 7e 05 28 b2 02 00 48
0x00007f250f618dc9:   89 03 48 c7 40 08 00 00 00 00 0f 16 05 c6 b1 02
0x00007f250f618dd9:   00 c7 00 1f 00 00 00 48 c7 40 30 00 00 00 00 0f
0x00007f250f618de9:   11 40 20 31 c0 e8 5d 91 fb ff 48 8b 15 76 b1 02
0x00007f250f618df9:   00 31 ff c7 05 df c2 02 00 00 00 00 00 48 89 05
0x00007f250f618e09:   23 c2 02 00 48 8b 05 2c c2 02 00 c6 05 ce c2 02
0x00007f250f618e19:   00 00 48 c7 05 d2 c2 02 00 00 00 00 00 48 8b 00
0x00007f250f618e29:   c7 05 bd c2 02 00 00 00 00 00 48 89 50 38 48 c7
0x00007f250f618e39:   05 c6 c2 02 00 00 00 00 00 c7 05 b4 c2 02 00 00
0x00007f250f618e49:   00 00 00 c7 05 ba c2 02 00 ff ff ff ff e8 c5 90
0x00007f250f618e59:   fb ff 83 f8 ff b8 00 00 00 00 0f 84 37 01 00 00
0x00007f250f618e69:   e8 72 8e fb ff 84 c0 75 10 48 8b 3d 2f c2 02 00
0x00007f250f618e79:   80 3f 00 0f 85 2e 01 00 00 80 3d 5c c2 02 00 00
0x00007f250f618e89:   0f 85 b1 00 00 00 48 8d 3d 9a e6 ff ff c6 05 cb
0x00007f250f618e99:   c1 02 00 00 e8 6e f1 00 00 31 c0 c6 05 75 c1 02
0x00007f250f618ea9:   00 01 e8 90 8a fb ff 48 8b 84 24 08 04 00 00 64
0x00007f250f618eb9:   48 33 04 25 28 00 00 00 0f 85 81 01 00 00 48 81
0x00007f250f618ec9:   c4 18 04 00 00 5b 5d 41 5c 41 5d 41 5e 41 5f c3
0x00007f250f618ed9:   0f 1f 80 00 00 00 00 4c 8b 3d 11 b1 02 00 83 fb
0x00007f250f618ee9:   01 41 89 d8 48 89 e9 4c 8d 0d 6f 9a 01 00 48 8d
0x00007f250f618ef9:   15 2a 8e 01 00 be 01 00 00 00 4d 0f 45 ce 49 8b
0x00007f250f618f09:   3f 31 c0 e8 3f 8d fb ff e9 da fd ff ff 66 2e 0f
0x00007f250f618f19:   1f 84 00 00 00 00 00 48 89 ef e8 f8 8d fb ff 48
0x00007f250f618f29:   89 c5 83 fb 0a 0f 85 3c fe ff ff 4c 8b 3d bd b0
0x00007f250f618f39:   02 00 e9 0d fe ff ff 80 3d 9f c1 02 00 00 0f 85
0x00007f250f618f49:   42 ff ff ff 31 c0 e8 7c 7b fb ff 84 c0 75 17 48
0x00007f250f618f59:   8b 3d 41 c1 02 00 e8 3c 7a fb ff 31 c0 e8 65 7b
0x00007f250f618f69:   fb ff 84 c0 74 7e 31 c0 e8 1a 7b fb ff c6 05 68 


Stack slot to memory mapping:
stack at sp + 0 slots: 0x00007f2550129760 points into unknown readable memory: d0 8f 19 50 25 7f 00 00
stack at sp + 1 slots: 0x00007f2500000000 points into unknown readable memory: 20 00 00 00 25 7f 00 00
stack at sp + 2 slots: 0x000000000000000a is an unknown value
stack at sp + 3 slots: 0x00007f2500000001 points into unknown readable memory: 00 00 00 25 7f 00 00
stack at sp + 4 slots: 0x00000000ffffffff is an unallocated location in the heap
stack at sp + 5 slots: 0x0000000b0000000b is an unknown value
stack at sp + 6 slots: 0x00007f250f64e438: <offset 0x0000000000008438> in /home/nariman/webots/lib/controller/libCppController.so at 0x00007f250f646000
stack at sp + 7 slots: 0x00007f250f6446d8: <offset 0x00000000000836d8> in /home/nariman/webots/lib/controller/libController.so at 0x00007f250f5c1000


---------------  P R O C E S S  ---------------

Threads class SMR info:
_java_thread_list=0x00007f2550182550, length=10, elements={
0x00007f2550017000, 0x00007f2550110800, 0x00007f2550112800, 0x00007f2550118000,
0x00007f255011a000, 0x00007f255011c000, 0x00007f255011e000, 0x00007f255014f000,
0x00007f2550154000, 0x00007f2550181000
}

Java Threads: ( => current thread )
=>0x00007f2550017000 JavaThread "main" [_thread_in_native, id=38432, stack(0x00007f2554157000,0x00007f2554258000)]
  0x00007f2550110800 JavaThread "Reference Handler" daemon [_thread_blocked, id=38441, stack(0x00007f252c5a3000,0x00007f252c6a4000)]
  0x00007f2550112800 JavaThread "Finalizer" daemon [_thread_blocked, id=38442, stack(0x00007f252c4a2000,0x00007f252c5a3000)]
  0x00007f2550118000 JavaThread "Signal Dispatcher" daemon [_thread_blocked, id=38443, stack(0x00007f252c3a1000,0x00007f252c4a2000)]
  0x00007f255011a000 JavaThread "C2 CompilerThread0" daemon [_thread_blocked, id=38444, stack(0x00007f252c2a0000,0x00007f252c3a1000)]
  0x00007f255011c000 JavaThread "C1 CompilerThread0" daemon [_thread_blocked, id=38445, stack(0x00007f252c19f000,0x00007f252c2a0000)]
  0x00007f255011e000 JavaThread "Sweeper thread" daemon [_thread_blocked, id=38446, stack(0x00007f252c09e000,0x00007f252c19f000)]
  0x00007f255014f000 JavaThread "Service Thread" daemon [_thread_blocked, id=38447, stack(0x00007f250f98f000,0x00007f250fa90000)]
  0x00007f2550154000 JavaThread "Common-Cleaner" daemon [_thread_blocked, id=38449, stack(0x00007f250f78c000,0x00007f250f88d000)]
  0x00007f2550181000 JavaThread "Thread-0" [_thread_blocked, id=38450, stack(0x00007f250f68b000,0x00007f250f78c000)]

Other Threads:
  0x00007f255010d800 VMThread "VM Thread" [stack: 0x00007f252c6a6000,0x00007f252c7a6000] [id=38440]
  0x00007f2550151000 WatcherThread [stack: 0x00007f250f88f000,0x00007f250f98f000] [id=38448]
  0x00007f255002f800 GCTaskThread "GC Thread#0" [stack: 0x00007f25385c3000,0x00007f25386c3000] [id=38434]
  0x00007f2550060800 ConcurrentGCThread "G1 Main Marker" [stack: 0x00007f25380bd000,0x00007f25381bd000] [id=38435]
  0x00007f2550062800 ConcurrentGCThread "G1 Conc#0" [stack: 0x00007f252f631000,0x00007f252f731000] [id=38436]
  0x00007f25500da800 ConcurrentGCThread "G1 Refine#0" [stack: 0x00007f252d12b000,0x00007f252d22b000] [id=38437]
  0x00007f25500dc800 ConcurrentGCThread "G1 Young RemSet Sampling" [stack: 0x00007f252d029000,0x00007f252d129000] [id=38438]

Threads with active compile tasks:

VM state:not at safepoint (normal execution)

VM Mutex/Monitor currently owned by a thread: None

Heap address: 0x0000000085600000, size: 1962 MB, Compressed Oops mode: 32-bit
Narrow klass base: 0x0000000800000000, Narrow klass shift: 3
Compressed class space size: 1073741824 Address: 0x0000000840000000

Heap:
 garbage-first heap   total 129024K, used 1736K [0x0000000085600000, 0x0000000100000000)
  region size 1024K, 2 young (2048K), 0 survivors (0K)
 Metaspace       used 495K, capacity 4733K, committed 4864K, reserved 1056768K
  class space    used 33K, capacity 426K, committed 512K, reserved 1048576K
Heap Regions: E=young(eden), S=young(survivor), O=old, HS=humongous(starts), HC=humongous(continues), CS=collection set, F=free, A=archive, TAMS=top-at-mark-start (previous, next)
|   0|0x0000000085600000, 0x0000000085600000, 0x0000000085700000|  0%| F|  |TAMS 0x0000000085600000, 0x0000000085600000| Untracked 
|   1|0x0000000085700000, 0x0000000085700000, 0x0000000085800000|  0%| F|  |TAMS 0x0000000085700000, 0x0000000085700000| Untracked 
|   2|0x0000000085800000, 0x0000000085800000, 0x0000000085900000|  0%| F|  |TAMS 0x0000000085800000, 0x0000000085800000| Untracked 
|   3|0x0000000085900000, 0x0000000085900000, 0x0000000085a00000|  0%| F|  |TAMS 0x0000000085900000, 0x0000000085900000| Untracked 
|   4|0x0000000085a00000, 0x0000000085a00000, 0x0000000085b00000|  0%| F|  |TAMS 0x0000000085a00000, 0x0000000085a00000| Untracked 
|   5|0x0000000085b00000, 0x0000000085b00000, 0x0000000085c00000|  0%| F|  |TAMS 0x0000000085b00000, 0x0000000085b00000| Untracked 
|   6|0x0000000085c00000, 0x0000000085c00000, 0x0000000085d00000|  0%| F|  |TAMS 0x0000000085c00000, 0x0000000085c00000| Untracked 
|   7|0x0000000085d00000, 0x0000000085d00000, 0x0000000085e00000|  0%| F|  |TAMS 0x0000000085d00000, 0x0000000085d00000| Untracked 
|   8|0x0000000085e00000, 0x0000000085e00000, 0x0000000085f00000|  0%| F|  |TAMS 0x0000000085e00000, 0x0000000085e00000| Untracked 
|   9|0x0000000085f00000, 0x0000000085f00000, 0x0000000086000000|  0%| F|  |TAMS 0x0000000085f00000, 0x0000000085f00000| Untracked 
|  10|0x0000000086000000, 0x0000000086000000, 0x0000000086100000|  0%| F|  |TAMS 0x0000000086000000, 0x0000000086000000| Untracked 
|  11|0x0000000086100000, 0x0000000086100000, 0x0000000086200000|  0%| F|  |TAMS 0x0000000086100000, 0x0000000086100000| Untracked 
|  12|0x0000000086200000, 0x0000000086200000, 0x0000000086300000|  0%| F|  |TAMS 0x0000000086200000, 0x0000000086200000| Untracked 
|  13|0x0000000086300000, 0x0000000086300000, 0x0000000086400000|  0%| F|  |TAMS 0x0000000086300000, 0x0000000086300000| Untracked 
|  14|0x0000000086400000, 0x0000000086400000, 0x0000000086500000|  0%| F|  |TAMS 0x0000000086400000, 0x0000000086400000| Untracked 
|  15|0x0000000086500000, 0x0000000086500000, 0x0000000086600000|  0%| F|  |TAMS 0x0000000086500000, 0x0000000086500000| Untracked 
|  16|0x0000000086600000, 0x0000000086600000, 0x0000000086700000|  0%| F|  |TAMS 0x0000000086600000, 0x0000000086600000| Untracked 
|  17|0x0000000086700000, 0x0000000086700000, 0x0000000086800000|  0%| F|  |TAMS 0x0000000086700000, 0x0000000086700000| Untracked 
|  18|0x0000000086800000, 0x0000000086800000, 0x0000000086900000|  0%| F|  |TAMS 0x0000000086800000, 0x0000000086800000| Untracked 
|  19|0x0000000086900000, 0x0000000086900000, 0x0000000086a00000|  0%| F|  |TAMS 0x0000000086900000, 0x0000000086900000| Untracked 
|  20|0x0000000086a00000, 0x0000000086a00000, 0x0000000086b00000|  0%| F|  |TAMS 0x0000000086a00000, 0x0000000086a00000| Untracked 
|  21|0x0000000086b00000, 0x0000000086b00000, 0x0000000086c00000|  0%| F|  |TAMS 0x0000000086b00000, 0x0000000086b00000| Untracked 
|  22|0x0000000086c00000, 0x0000000086c00000, 0x0000000086d00000|  0%| F|  |TAMS 0x0000000086c00000, 0x0000000086c00000| Untracked 
|  23|0x0000000086d00000, 0x0000000086d00000, 0x0000000086e00000|  0%| F|  |TAMS 0x0000000086d00000, 0x0000000086d00000| Untracked 
|  24|0x0000000086e00000, 0x0000000086e00000, 0x0000000086f00000|  0%| F|  |TAMS 0x0000000086e00000, 0x0000000086e00000| Untracked 
|  25|0x0000000086f00000, 0x0000000086f00000, 0x0000000087000000|  0%| F|  |TAMS 0x0000000086f00000, 0x0000000086f00000| Untracked 
|  26|0x0000000087000000, 0x0000000087000000, 0x0000000087100000|  0%| F|  |TAMS 0x0000000087000000, 0x0000000087000000| Untracked 
|  27|0x0000000087100000, 0x0000000087100000, 0x0000000087200000|  0%| F|  |TAMS 0x0000000087100000, 0x0000000087100000| Untracked 
|  28|0x0000000087200000, 0x0000000087200000, 0x0000000087300000|  0%| F|  |TAMS 0x0000000087200000, 0x0000000087200000| Untracked 
|  29|0x0000000087300000, 0x0000000087300000, 0x0000000087400000|  0%| F|  |TAMS 0x0000000087300000, 0x0000000087300000| Untracked 
|  30|0x0000000087400000, 0x0000000087400000, 0x0000000087500000|  0%| F|  |TAMS 0x0000000087400000, 0x0000000087400000| Untracked 
|  31|0x0000000087500000, 0x0000000087500000, 0x0000000087600000|  0%| F|  |TAMS 0x0000000087500000, 0x0000000087500000| Untracked 
|  32|0x0000000087600000, 0x0000000087600000, 0x0000000087700000|  0%| F|  |TAMS 0x0000000087600000, 0x0000000087600000| Untracked 
|  33|0x0000000087700000, 0x0000000087700000, 0x0000000087800000|  0%| F|  |TAMS 0x0000000087700000, 0x0000000087700000| Untracked 
|  34|0x0000000087800000, 0x0000000087800000, 0x0000000087900000|  0%| F|  |TAMS 0x0000000087800000, 0x0000000087800000| Untracked 
|  35|0x0000000087900000, 0x0000000087900000, 0x0000000087a00000|  0%| F|  |TAMS 0x0000000087900000, 0x0000000087900000| Untracked 
|  36|0x0000000087a00000, 0x0000000087a00000, 0x0000000087b00000|  0%| F|  |TAMS 0x0000000087a00000, 0x0000000087a00000| Untracked 
|  37|0x0000000087b00000, 0x0000000087b00000, 0x0000000087c00000|  0%| F|  |TAMS 0x0000000087b00000, 0x0000000087b00000| Untracked 
|  38|0x0000000087c00000, 0x0000000087c00000, 0x0000000087d00000|  0%| F|  |TAMS 0x0000000087c00000, 0x0000000087c00000| Untracked 
|  39|0x0000000087d00000, 0x0000000087d00000, 0x0000000087e00000|  0%| F|  |TAMS 0x0000000087d00000, 0x0000000087d00000| Untracked 
|  40|0x0000000087e00000, 0x0000000087e00000, 0x0000000087f00000|  0%| F|  |TAMS 0x0000000087e00000, 0x0000000087e00000| Untracked 
|  41|0x0000000087f00000, 0x0000000087f00000, 0x0000000088000000|  0%| F|  |TAMS 0x0000000087f00000, 0x0000000087f00000| Untracked 
|  42|0x0000000088000000, 0x0000000088000000, 0x0000000088100000|  0%| F|  |TAMS 0x0000000088000000, 0x0000000088000000| Untracked 
|  43|0x0000000088100000, 0x0000000088100000, 0x0000000088200000|  0%| F|  |TAMS 0x0000000088100000, 0x0000000088100000| Untracked 
|  44|0x0000000088200000, 0x0000000088200000, 0x0000000088300000|  0%| F|  |TAMS 0x0000000088200000, 0x0000000088200000| Untracked 
|  45|0x0000000088300000, 0x0000000088300000, 0x0000000088400000|  0%| F|  |TAMS 0x0000000088300000, 0x0000000088300000| Untracked 
|  46|0x0000000088400000, 0x0000000088400000, 0x0000000088500000|  0%| F|  |TAMS 0x0000000088400000, 0x0000000088400000| Untracked 
|  47|0x0000000088500000, 0x0000000088500000, 0x0000000088600000|  0%| F|  |TAMS 0x0000000088500000, 0x0000000088500000| Untracked 
|  48|0x0000000088600000, 0x0000000088600000, 0x0000000088700000|  0%| F|  |TAMS 0x0000000088600000, 0x0000000088600000| Untracked 
|  49|0x0000000088700000, 0x0000000088700000, 0x0000000088800000|  0%| F|  |TAMS 0x0000000088700000, 0x0000000088700000| Untracked 
|  50|0x0000000088800000, 0x0000000088800000, 0x0000000088900000|  0%| F|  |TAMS 0x0000000088800000, 0x0000000088800000| Untracked 
|  51|0x0000000088900000, 0x0000000088900000, 0x0000000088a00000|  0%| F|  |TAMS 0x0000000088900000, 0x0000000088900000| Untracked 
|  52|0x0000000088a00000, 0x0000000088a00000, 0x0000000088b00000|  0%| F|  |TAMS 0x0000000088a00000, 0x0000000088a00000| Untracked 
|  53|0x0000000088b00000, 0x0000000088b00000, 0x0000000088c00000|  0%| F|  |TAMS 0x0000000088b00000, 0x0000000088b00000| Untracked 
|  54|0x0000000088c00000, 0x0000000088c00000, 0x0000000088d00000|  0%| F|  |TAMS 0x0000000088c00000, 0x0000000088c00000| Untracked 
|  55|0x0000000088d00000, 0x0000000088d00000, 0x0000000088e00000|  0%| F|  |TAMS 0x0000000088d00000, 0x0000000088d00000| Untracked 
|  56|0x0000000088e00000, 0x0000000088e00000, 0x0000000088f00000|  0%| F|  |TAMS 0x0000000088e00000, 0x0000000088e00000| Untracked 
|  57|0x0000000088f00000, 0x0000000088f00000, 0x0000000089000000|  0%| F|  |TAMS 0x0000000088f00000, 0x0000000088f00000| Untracked 
|  58|0x0000000089000000, 0x0000000089000000, 0x0000000089100000|  0%| F|  |TAMS 0x0000000089000000, 0x0000000089000000| Untracked 
|  59|0x0000000089100000, 0x0000000089100000, 0x0000000089200000|  0%| F|  |TAMS 0x0000000089100000, 0x0000000089100000| Untracked 
|  60|0x0000000089200000, 0x0000000089200000, 0x0000000089300000|  0%| F|  |TAMS 0x0000000089200000, 0x0000000089200000| Untracked 
|  61|0x0000000089300000, 0x0000000089300000, 0x0000000089400000|  0%| F|  |TAMS 0x0000000089300000, 0x0000000089300000| Untracked 
|  62|0x0000000089400000, 0x0000000089400000, 0x0000000089500000|  0%| F|  |TAMS 0x0000000089400000, 0x0000000089400000| Untracked 
|  63|0x0000000089500000, 0x0000000089500000, 0x0000000089600000|  0%| F|  |TAMS 0x0000000089500000, 0x0000000089500000| Untracked 
|  64|0x0000000089600000, 0x0000000089600000, 0x0000000089700000|  0%| F|  |TAMS 0x0000000089600000, 0x0000000089600000| Untracked 
|  65|0x0000000089700000, 0x0000000089700000, 0x0000000089800000|  0%| F|  |TAMS 0x0000000089700000, 0x0000000089700000| Untracked 
|  66|0x0000000089800000, 0x0000000089800000, 0x0000000089900000|  0%| F|  |TAMS 0x0000000089800000, 0x0000000089800000| Untracked 
|  67|0x0000000089900000, 0x0000000089900000, 0x0000000089a00000|  0%| F|  |TAMS 0x0000000089900000, 0x0000000089900000| Untracked 
|  68|0x0000000089a00000, 0x0000000089a00000, 0x0000000089b00000|  0%| F|  |TAMS 0x0000000089a00000, 0x0000000089a00000| Untracked 
|  69|0x0000000089b00000, 0x0000000089b00000, 0x0000000089c00000|  0%| F|  |TAMS 0x0000000089b00000, 0x0000000089b00000| Untracked 
|  70|0x0000000089c00000, 0x0000000089c00000, 0x0000000089d00000|  0%| F|  |TAMS 0x0000000089c00000, 0x0000000089c00000| Untracked 
|  71|0x0000000089d00000, 0x0000000089d00000, 0x0000000089e00000|  0%| F|  |TAMS 0x0000000089d00000, 0x0000000089d00000| Untracked 
|  72|0x0000000089e00000, 0x0000000089e00000, 0x0000000089f00000|  0%| F|  |TAMS 0x0000000089e00000, 0x0000000089e00000| Untracked 
|  73|0x0000000089f00000, 0x0000000089f00000, 0x000000008a000000|  0%| F|  |TAMS 0x0000000089f00000, 0x0000000089f00000| Untracked 
|  74|0x000000008a000000, 0x000000008a000000, 0x000000008a100000|  0%| F|  |TAMS 0x000000008a000000, 0x000000008a000000| Untracked 
|  75|0x000000008a100000, 0x000000008a100000, 0x000000008a200000|  0%| F|  |TAMS 0x000000008a100000, 0x000000008a100000| Untracked 
|  76|0x000000008a200000, 0x000000008a200000, 0x000000008a300000|  0%| F|  |TAMS 0x000000008a200000, 0x000000008a200000| Untracked 
|  77|0x000000008a300000, 0x000000008a300000, 0x000000008a400000|  0%| F|  |TAMS 0x000000008a300000, 0x000000008a300000| Untracked 
|  78|0x000000008a400000, 0x000000008a400000, 0x000000008a500000|  0%| F|  |TAMS 0x000000008a400000, 0x000000008a400000| Untracked 
|  79|0x000000008a500000, 0x000000008a500000, 0x000000008a600000|  0%| F|  |TAMS 0x000000008a500000, 0x000000008a500000| Untracked 
|  80|0x000000008a600000, 0x000000008a600000, 0x000000008a700000|  0%| F|  |TAMS 0x000000008a600000, 0x000000008a600000| Untracked 
|  81|0x000000008a700000, 0x000000008a700000, 0x000000008a800000|  0%| F|  |TAMS 0x000000008a700000, 0x000000008a700000| Untracked 
|  82|0x000000008a800000, 0x000000008a800000, 0x000000008a900000|  0%| F|  |TAMS 0x000000008a800000, 0x000000008a800000| Untracked 
|  83|0x000000008a900000, 0x000000008a900000, 0x000000008aa00000|  0%| F|  |TAMS 0x000000008a900000, 0x000000008a900000| Untracked 
|  84|0x000000008aa00000, 0x000000008aa00000, 0x000000008ab00000|  0%| F|  |TAMS 0x000000008aa00000, 0x000000008aa00000| Untracked 
|  85|0x000000008ab00000, 0x000000008ab00000, 0x000000008ac00000|  0%| F|  |TAMS 0x000000008ab00000, 0x000000008ab00000| Untracked 
|  86|0x000000008ac00000, 0x000000008ac00000, 0x000000008ad00000|  0%| F|  |TAMS 0x000000008ac00000, 0x000000008ac00000| Untracked 
|  87|0x000000008ad00000, 0x000000008ad00000, 0x000000008ae00000|  0%| F|  |TAMS 0x000000008ad00000, 0x000000008ad00000| Untracked 
|  88|0x000000008ae00000, 0x000000008ae00000, 0x000000008af00000|  0%| F|  |TAMS 0x000000008ae00000, 0x000000008ae00000| Untracked 
|  89|0x000000008af00000, 0x000000008af00000, 0x000000008b000000|  0%| F|  |TAMS 0x000000008af00000, 0x000000008af00000| Untracked 
|  90|0x000000008b000000, 0x000000008b000000, 0x000000008b100000|  0%| F|  |TAMS 0x000000008b000000, 0x000000008b000000| Untracked 
|  91|0x000000008b100000, 0x000000008b100000, 0x000000008b200000|  0%| F|  |TAMS 0x000000008b100000, 0x000000008b100000| Untracked 
|  92|0x000000008b200000, 0x000000008b200000, 0x000000008b300000|  0%| F|  |TAMS 0x000000008b200000, 0x000000008b200000| Untracked 
|  93|0x000000008b300000, 0x000000008b300000, 0x000000008b400000|  0%| F|  |TAMS 0x000000008b300000, 0x000000008b300000| Untracked 
|  94|0x000000008b400000, 0x000000008b400000, 0x000000008b500000|  0%| F|  |TAMS 0x000000008b400000, 0x000000008b400000| Untracked 
|  95|0x000000008b500000, 0x000000008b500000, 0x000000008b600000|  0%| F|  |TAMS 0x000000008b500000, 0x000000008b500000| Untracked 
|  96|0x000000008b600000, 0x000000008b600000, 0x000000008b700000|  0%| F|  |TAMS 0x000000008b600000, 0x000000008b600000| Untracked 
|  97|0x000000008b700000, 0x000000008b700000, 0x000000008b800000|  0%| F|  |TAMS 0x000000008b700000, 0x000000008b700000| Untracked 
|  98|0x000000008b800000, 0x000000008b800000, 0x000000008b900000|  0%| F|  |TAMS 0x000000008b800000, 0x000000008b800000| Untracked 
|  99|0x000000008b900000, 0x000000008b900000, 0x000000008ba00000|  0%| F|  |TAMS 0x000000008b900000, 0x000000008b900000| Untracked 
| 100|0x000000008ba00000, 0x000000008ba00000, 0x000000008bb00000|  0%| F|  |TAMS 0x000000008ba00000, 0x000000008ba00000| Untracked 
| 101|0x000000008bb00000, 0x000000008bb00000, 0x000000008bc00000|  0%| F|  |TAMS 0x000000008bb00000, 0x000000008bb00000| Untracked 
| 102|0x000000008bc00000, 0x000000008bc00000, 0x000000008bd00000|  0%| F|  |TAMS 0x000000008bc00000, 0x000000008bc00000| Untracked 
| 103|0x000000008bd00000, 0x000000008bd00000, 0x000000008be00000|  0%| F|  |TAMS 0x000000008bd00000, 0x000000008bd00000| Untracked 
| 104|0x000000008be00000, 0x000000008be00000, 0x000000008bf00000|  0%| F|  |TAMS 0x000000008be00000, 0x000000008be00000| Untracked 
| 105|0x000000008bf00000, 0x000000008bf00000, 0x000000008c000000|  0%| F|  |TAMS 0x000000008bf00000, 0x000000008bf00000| Untracked 
| 106|0x000000008c000000, 0x000000008c000000, 0x000000008c100000|  0%| F|  |TAMS 0x000000008c000000, 0x000000008c000000| Untracked 
| 107|0x000000008c100000, 0x000000008c100000, 0x000000008c200000|  0%| F|  |TAMS 0x000000008c100000, 0x000000008c100000| Untracked 
| 108|0x000000008c200000, 0x000000008c200000, 0x000000008c300000|  0%| F|  |TAMS 0x000000008c200000, 0x000000008c200000| Untracked 
| 109|0x000000008c300000, 0x000000008c300000, 0x000000008c400000|  0%| F|  |TAMS 0x000000008c300000, 0x000000008c300000| Untracked 
| 110|0x000000008c400000, 0x000000008c400000, 0x000000008c500000|  0%| F|  |TAMS 0x000000008c400000, 0x000000008c400000| Untracked 
| 111|0x000000008c500000, 0x000000008c500000, 0x000000008c600000|  0%| F|  |TAMS 0x000000008c500000, 0x000000008c500000| Untracked 
| 112|0x000000008c600000, 0x000000008c600000, 0x000000008c700000|  0%| F|  |TAMS 0x000000008c600000, 0x000000008c600000| Untracked 
| 113|0x000000008c700000, 0x000000008c700000, 0x000000008c800000|  0%| F|  |TAMS 0x000000008c700000, 0x000000008c700000| Untracked 
| 114|0x000000008c800000, 0x000000008c800000, 0x000000008c900000|  0%| F|  |TAMS 0x000000008c800000, 0x000000008c800000| Untracked 
| 115|0x000000008c900000, 0x000000008c900000, 0x000000008ca00000|  0%| F|  |TAMS 0x000000008c900000, 0x000000008c900000| Untracked 
| 116|0x000000008ca00000, 0x000000008ca00000, 0x000000008cb00000|  0%| F|  |TAMS 0x000000008ca00000, 0x000000008ca00000| Untracked 
| 117|0x000000008cb00000, 0x000000008cb00000, 0x000000008cc00000|  0%| F|  |TAMS 0x000000008cb00000, 0x000000008cb00000| Untracked 
| 118|0x000000008cc00000, 0x000000008cc00000, 0x000000008cd00000|  0%| F|  |TAMS 0x000000008cc00000, 0x000000008cc00000| Untracked 
| 119|0x000000008cd00000, 0x000000008cd00000, 0x000000008ce00000|  0%| F|  |TAMS 0x000000008cd00000, 0x000000008cd00000| Untracked 
| 120|0x000000008ce00000, 0x000000008ce00000, 0x000000008cf00000|  0%| F|  |TAMS 0x000000008ce00000, 0x000000008ce00000| Untracked 
| 121|0x000000008cf00000, 0x000000008cf00000, 0x000000008d000000|  0%| F|  |TAMS 0x000000008cf00000, 0x000000008cf00000| Untracked 
| 122|0x000000008d000000, 0x000000008d091df8, 0x000000008d100000| 56%| E|  |TAMS 0x000000008d000000, 0x000000008d000000| Complete 
| 123|0x000000008d100000, 0x000000008d200000, 0x000000008d200000|100%| E|CS|TAMS 0x000000008d100000, 0x000000008d100000| Complete 
|1960|0x00000000ffe00000, 0x00000000ffe47000, 0x00000000fff00000| 27%|OA|  |TAMS 0x00000000ffe00000, 0x00000000ffe00000| Untracked 
|1961|0x00000000fff00000, 0x00000000fff6b000, 0x0000000100000000| 41%|CA|  |TAMS 0x00000000fff00000, 0x00000000fff00000| Untracked 

Card table byte_map: [0x00007f2533856000,0x00007f2533c2b000] _byte_map_base: 0x00007f253342b000

Marking Bits (Prev, Next): (CMBitMap*) 0x00007f2550057e88, (CMBitMap*) 0x00007f2550057ec0
 Prev Bits: [0x00007f25315d9000, 0x00007f2533481000)
 Next Bits: [0x00007f252f731000, 0x00007f25315d9000)

Polling page: 0x00007f255411c000

Metaspace:

Usage:
  Non-class:      4.21 MB capacity,   462.27 KB ( 11%) used,     3.75 MB ( 89%) free+waste,   704 bytes ( <1%) overhead. 
      Class:    426.00 KB capacity,    33.12 KB (  8%) used,   392.38 KB ( 92%) free+waste,   512 bytes ( <1%) overhead. 
       Both:      4.62 MB capacity,   495.40 KB ( 10%) used,     4.14 MB ( 90%) free+waste,     1.19 KB ( <1%) overhead. 

Virtual space:
  Non-class space:        8.00 MB reserved,       4.25 MB ( 53%) committed 
      Class space:        1.00 GB reserved,     512.00 KB ( <1%) committed 
             Both:        1.01 GB reserved,       4.75 MB ( <1%) committed 

Chunk freelists:
   Non-Class:  17.00 KB
       Class:  22.00 KB
        Both:  39.00 KB

MaxMetaspaceSize: unlimited
CompressedClassSpaceSize: 1.00 GB

CodeHeap 'non-profiled nmethods': size=120032Kb used=25Kb max_used=25Kb free=120006Kb
 bounds [0x00007f2540361000, 0x00007f25405d1000, 0x00007f2547899000]
CodeHeap 'profiled nmethods': size=120032Kb used=103Kb max_used=103Kb free=119928Kb
 bounds [0x00007f2538e29000, 0x00007f2539099000, 0x00007f2540361000]
CodeHeap 'non-nmethods': size=5696Kb used=1050Kb max_used=1050Kb free=4645Kb
 bounds [0x00007f2538899000, 0x00007f2538b09000, 0x00007f2538e29000]
 total_blobs=438 nmethods=90 adapters=261
 compilation: enabled
              stopped_count=0, restarted_count=0
 full_count=0

Compilation events (20 events):
Event: 2.883 Thread 0x00007f255011c000   80       3       java.lang.CharacterData::of (120 bytes)
Event: 2.884 Thread 0x00007f255011c000 nmethod 80 0x00007f2538e3db10 code [0x00007f2538e3dd20, 0x00007f2538e3e410]
Event: 2.884 Thread 0x00007f255011c000   82       3       java.lang.String::startsWith (138 bytes)
Event: 2.885 Thread 0x00007f255011c000 nmethod 82 0x00007f2538e3e610 code [0x00007f2538e3e860, 0x00007f2538e3f280]
Event: 2.885 Thread 0x00007f255011c000   83       3       java.lang.StringLatin1::canEncode (13 bytes)
Event: 2.885 Thread 0x00007f255011c000 nmethod 83 0x00007f2538e3f610 code [0x00007f2538e3f7c0, 0x00007f2538e3f8f0]
Event: 2.885 Thread 0x00007f255011c000   84       3       java.lang.String::indexOf (7 bytes)
Event: 2.885 Thread 0x00007f255011c000 nmethod 84 0x00007f2538e3f990 code [0x00007f2538e3fb80, 0x00007f2538e3fe70]
Event: 2.886 Thread 0x00007f255011c000   85       3       java.lang.StringBuilder::append (8 bytes)
Event: 2.886 Thread 0x00007f255011c000 nmethod 85 0x00007f2538e3ff90 code [0x00007f2538e40140, 0x00007f2538e402a0]
Event: 2.886 Thread 0x00007f255011c000   86       3       java.lang.AbstractStringBuilder::append (45 bytes)
Event: 2.886 Thread 0x00007f255011c000 nmethod 86 0x00007f2538e40390 code [0x00007f2538e405c0, 0x00007f2538e40af0]
Event: 2.886 Thread 0x00007f255011c000   87       3       java.lang.String::<init> (15 bytes)
Event: 2.887 Thread 0x00007f255011c000 nmethod 87 0x00007f2538e40d10 code [0x00007f2538e40ec0, 0x00007f2538e41090]
Event: 2.887 Thread 0x00007f255011c000   88       3       java.util.Arrays::copyOfRange (63 bytes)
Event: 2.888 Thread 0x00007f255011c000 nmethod 88 0x00007f2538e41190 code [0x00007f2538e41420, 0x00007f2538e41f50]
Event: 2.888 Thread 0x00007f255011c000   89       3       java.lang.Character::toLowerCase (9 bytes)
Event: 2.888 Thread 0x00007f255011c000 nmethod 89 0x00007f2538e42390 code [0x00007f2538e42560, 0x00007f2538e42750]
Event: 2.888 Thread 0x00007f255011c000   90       3       java.lang.CharacterDataLatin1::toLowerCase (39 bytes)
Event: 2.888 Thread 0x00007f255011c000 nmethod 90 0x00007f2538e42810 code [0x00007f2538e429e0, 0x00007f2538e42c30]

GC Heap History (0 events):
No events

Deoptimization events (0 events):
No events

Classes redefined (0 events):
No events

Internal exceptions (0 events):
No events

Events (20 events):
Event: 2.884 loading class simlejos/robotics/RegulatedMotor done
Event: 2.885 loading class simlejos/hardware/port/MotorPort
Event: 2.885 loading class simlejos/hardware/port/MotorPort done
Event: 2.885 loading class simlejos/hardware/ev3/LocalEV3
Event: 2.885 loading class simlejos/hardware/ev3/LocalEV3 done
Event: 2.886 loading class simlejos/hardware/ev3/EV3
Event: 2.886 loading class simlejos/hardware/ev3/EV3 done
Event: 2.887 loading class simlejos/hardware/Brick
Event: 2.887 loading class simlejos/hardware/Brick done
Event: 2.887 loading class com/cyberbotics/webots/controller/Robot
Event: 2.887 loading class com/cyberbotics/webots/controller/Robot done
Event: 2.932 Executing VM operation: Deoptimize
Event: 2.932 Executing VM operation: Deoptimize done
Event: 2.932 loading class com/cyberbotics/webots/controller/wrapperJNI
Event: 2.932 loading class com/cyberbotics/webots/controller/wrapperJNI done
Event: 2.934 loading class java/lang/UnsatisfiedLinkError
Event: 2.951 loading class java/lang/UnsatisfiedLinkError done
Event: 2.952 loading class java/lang/ClassLoaderHelper
Event: 2.956 loading class java/lang/ClassLoaderHelper done
Event: 2.991 Loaded shared library /home/nariman/webots/lib/controller/java/libJavaController.so


Dynamic libraries:
85600000-8d200000 rw-p 00000000 00:00 0 
8d200000-ffe00000 ---p 00000000 00:00 0 
ffe00000-ffe47000 rw-p 01111000 08:01 54788251                           /usr/lib/jvm/java-11-openjdk-amd64/lib/server/classes.jsa
ffe47000-fff00000 rw-p 00000000 00:00 0 
fff00000-fff6b000 rw-p 010a6000 08:01 54788251                           /usr/lib/jvm/java-11-openjdk-amd64/lib/server/classes.jsa
fff6b000-100000000 rw-p 00000000 00:00 0 
800000000-800002000 rwxp 00001000 08:01 54788251                         /usr/lib/jvm/java-11-openjdk-amd64/lib/server/classes.jsa
800002000-8003b9000 rw-p 00003000 08:01 54788251                         /usr/lib/jvm/java-11-openjdk-amd64/lib/server/classes.jsa
8003b9000-800a96000 r--p 003ba000 08:01 54788251                         /usr/lib/jvm/java-11-openjdk-amd64/lib/server/classes.jsa
800a96000-800a97000 rw-p 00a97000 08:01 54788251                         /usr/lib/jvm/java-11-openjdk-amd64/lib/server/classes.jsa
800a97000-8010a5000 r--p 00a98000 08:01 54788251                         /usr/lib/jvm/java-11-openjdk-amd64/lib/server/classes.jsa
840000000-840080000 rw-p 00000000 00:00 0 
840080000-880000000 ---p 00000000 00:00 0 
55a712474000-55a712475000 r--p 00000000 08:01 52823252                   /usr/lib/jvm/java-11-openjdk-amd64/bin/java
55a712475000-55a712476000 r-xp 00001000 08:01 52823252                   /usr/lib/jvm/java-11-openjdk-amd64/bin/java
55a712476000-55a712477000 r--p 00002000 08:01 52823252                   /usr/lib/jvm/java-11-openjdk-amd64/bin/java
55a712477000-55a712478000 r--p 00002000 08:01 52823252                   /usr/lib/jvm/java-11-openjdk-amd64/bin/java
55a712478000-55a712479000 rw-p 00003000 08:01 52823252                   /usr/lib/jvm/java-11-openjdk-amd64/bin/java
55a7141ba000-55a7141db000 rw-p 00000000 00:00 0                          [heap]
7f24e8000000-7f24e8021000 rw-p 00000000 00:00 0 
7f24e8021000-7f24ec000000 ---p 00000000 00:00 0 
7f24f0000000-7f24f0021000 rw-p 00000000 00:00 0 
7f24f0021000-7f24f4000000 ---p 00000000 00:00 0 
7f24f4000000-7f24f4021000 rw-p 00000000 00:00 0 
7f24f4021000-7f24f8000000 ---p 00000000 00:00 0 
7f24f8000000-7f24f8021000 rw-p 00000000 00:00 0 
7f24f8021000-7f24fc000000 ---p 00000000 00:00 0 
7f24fc000000-7f24fc021000 rw-p 00000000 00:00 0 
7f24fc021000-7f2500000000 ---p 00000000 00:00 0 
7f2500000000-7f2500097000 rw-p 00000000 00:00 0 
7f2500097000-7f2504000000 ---p 00000000 00:00 0 
7f2504000000-7f2504056000 rw-p 00000000 00:00 0 
7f2504056000-7f2508000000 ---p 00000000 00:00 0 
7f2508000000-7f2508021000 rw-p 00000000 00:00 0 
7f2508021000-7f250c000000 ---p 00000000 00:00 0 
7f250f5c1000-7f250f5cf000 r--p 00000000 08:01 23859232                   /home/nariman/webots/lib/controller/libController.so
7f250f5cf000-7f250f629000 r-xp 0000e000 08:01 23859232                   /home/nariman/webots/lib/controller/libController.so
7f250f629000-7f250f643000 r--p 00068000 08:01 23859232                   /home/nariman/webots/lib/controller/libController.so
7f250f643000-7f250f644000 r--p 00081000 08:01 23859232                   /home/nariman/webots/lib/controller/libController.so
7f250f644000-7f250f645000 rw-p 00082000 08:01 23859232                   /home/nariman/webots/lib/controller/libController.so
7f250f645000-7f250f646000 rw-p 00000000 00:00 0 
7f250f646000-7f250f66a000 r--p 00000000 08:01 23859240                   /home/nariman/webots/lib/controller/libCppController.so
7f250f66a000-7f250f67d000 r-xp 00024000 08:01 23859240                   /home/nariman/webots/lib/controller/libCppController.so
7f250f67d000-7f250f687000 r--p 00037000 08:01 23859240                   /home/nariman/webots/lib/controller/libCppController.so
7f250f687000-7f250f689000 r--p 00040000 08:01 23859240                   /home/nariman/webots/lib/controller/libCppController.so
7f250f689000-7f250f68b000 rw-p 00042000 08:01 23859240                   /home/nariman/webots/lib/controller/libCppController.so
7f250f68b000-7f250f68f000 ---p 00000000 00:00 0 
7f250f68f000-7f250f78c000 rw-p 00000000 00:00 0 
7f250f78c000-7f250f790000 ---p 00000000 00:00 0 
7f250f790000-7f250f88d000 rw-p 00000000 00:00 0 
7f250f88d000-7f250f88e000 ---p 00000000 00:00 0 
7f250f88e000-7f250f98f000 rw-p 00000000 00:00 0 
7f250f98f000-7f250f993000 ---p 00000000 00:00 0 
7f250f993000-7f250fa90000 rw-p 00000000 00:00 0 
7f250fa90000-7f2510000000 r--p 00000000 08:01 52699020                   /usr/lib/locale/locale-archive
7f2510000000-7f2510021000 rw-p 00000000 00:00 0 
7f2510021000-7f2514000000 ---p 00000000 00:00 0 
7f2514000000-7f2514021000 rw-p 00000000 00:00 0 
7f2514021000-7f2518000000 ---p 00000000 00:00 0 
7f2518000000-7f2518021000 rw-p 00000000 00:00 0 
7f2518021000-7f251c000000 ---p 00000000 00:00 0 
7f251c000000-7f251c021000 rw-p 00000000 00:00 0 
7f251c021000-7f2520000000 ---p 00000000 00:00 0 
7f2520000000-7f2520021000 rw-p 00000000 00:00 0 
7f2520021000-7f2524000000 ---p 00000000 00:00 0 
7f2524000000-7f2524021000 rw-p 00000000 00:00 0 
7f2524021000-7f2528000000 ---p 00000000 00:00 0 
7f2528000000-7f2528021000 rw-p 00000000 00:00 0 
7f2528021000-7f252c000000 ---p 00000000 00:00 0 
7f252c027000-7f252c043000 r--p 00000000 08:01 23859256                   /home/nariman/webots/lib/controller/java/libJavaController.so
7f252c043000-7f252c062000 r-xp 0001c000 08:01 23859256                   /home/nariman/webots/lib/controller/java/libJavaController.so
7f252c062000-7f252c06b000 r--p 0003b000 08:01 23859256                   /home/nariman/webots/lib/controller/java/libJavaController.so
7f252c06b000-7f252c06c000 r--p 00043000 08:01 23859256                   /home/nariman/webots/lib/controller/java/libJavaController.so
7f252c06c000-7f252c06d000 rw-p 00044000 08:01 23859256                   /home/nariman/webots/lib/controller/java/libJavaController.so
7f252c06d000-7f252c09e000 rw-p 00000000 00:00 0 
7f252c09e000-7f252c0a2000 ---p 00000000 00:00 0 
7f252c0a2000-7f252c19f000 rw-p 00000000 00:00 0 
7f252c19f000-7f252c1a3000 ---p 00000000 00:00 0 
7f252c1a3000-7f252c2a0000 rw-p 00000000 00:00 0 
7f252c2a0000-7f252c2a4000 ---p 00000000 00:00 0 
7f252c2a4000-7f252c3a1000 rw-p 00000000 00:00 0 
7f252c3a1000-7f252c3a5000 ---p 00000000 00:00 0 
7f252c3a5000-7f252c4a2000 rw-p 00000000 00:00 0 
7f252c4a2000-7f252c4a6000 ---p 00000000 00:00 0 
7f252c4a6000-7f252c5a3000 rw-p 00000000 00:00 0 
7f252c5a3000-7f252c5a7000 ---p 00000000 00:00 0 
7f252c5a7000-7f252c6a4000 rw-p 00000000 00:00 0 
7f252c6a4000-7f252c6a5000 ---p 00000000 00:00 0 
7f252c6a5000-7f252cc67000 rw-p 00000000 00:00 0 
7f252cc67000-7f252d027000 ---p 00000000 00:00 0 
7f252d027000-7f252d028000 ---p 00000000 00:00 0 
7f252d028000-7f252d129000 rw-p 00000000 00:00 0 
7f252d129000-7f252d12a000 ---p 00000000 00:00 0 
7f252d12a000-7f252f62f000 rw-p 00000000 00:00 0 
7f252f62f000-7f252f630000 ---p 00000000 00:00 0 
7f252f630000-7f252f921000 rw-p 00000000 00:00 0 
7f252f921000-7f25315d1000 ---p 00000000 00:00 0 
7f25315d1000-7f25317c9000 rw-p 00000000 00:00 0 
7f25317c9000-7f2533479000 ---p 00000000 00:00 0 
7f2533479000-7f25334bf000 rw-p 00000000 00:00 0 
7f25334bf000-7f2533855000 ---p 00000000 00:00 0 
7f2533855000-7f2533894000 rw-p 00000000 00:00 0 
7f2533894000-7f2533c2a000 ---p 00000000 00:00 0 
7f2533c2a000-7f2533c69000 rw-p 00000000 00:00 0 
7f2533c69000-7f2533fff000 ---p 00000000 00:00 0 
7f2533fff000-7f2534000000 rw-p 00000000 00:00 0 
7f2534000000-7f2534021000 rw-p 00000000 00:00 0 
7f2534021000-7f2538000000 ---p 00000000 00:00 0 
7f253801f000-7f2538023000 r--p 00000000 08:01 54789191                   /usr/lib/jvm/java-11-openjdk-amd64/lib/libnet.so
7f2538023000-7f2538032000 r-xp 00004000 08:01 54789191                   /usr/lib/jvm/java-11-openjdk-amd64/lib/libnet.so
7f2538032000-7f2538036000 r--p 00013000 08:01 54789191                   /usr/lib/jvm/java-11-openjdk-amd64/lib/libnet.so
7f2538036000-7f2538037000 r--p 00016000 08:01 54789191                   /usr/lib/jvm/java-11-openjdk-amd64/lib/libnet.so
7f2538037000-7f2538038000 rw-p 00017000 08:01 54789191                   /usr/lib/jvm/java-11-openjdk-amd64/lib/libnet.so
7f2538038000-7f25380bb000 rw-p 00000000 00:00 0 
7f25380bb000-7f25380bc000 ---p 00000000 00:00 0 
7f25380bc000-7f25385c1000 rw-p 00000000 00:00 0 
7f25385c1000-7f25385c2000 ---p 00000000 00:00 0 
7f25385c2000-7f25386c8000 rw-p 00000000 00:00 0 
7f25386c8000-7f25387ae000 ---p 00000000 00:00 0 
7f25387ae000-7f25387b3000 rw-p 00000000 00:00 0 
7f25387b3000-7f2538899000 ---p 00000000 00:00 0 
7f2538899000-7f2538b09000 rwxp 00000000 00:00 0 
7f2538b09000-7f2538e29000 ---p 00000000 00:00 0 
7f2538e29000-7f2539099000 rwxp 00000000 00:00 0 
7f2539099000-7f2540361000 ---p 00000000 00:00 0 
7f2540361000-7f25405d1000 rwxp 00000000 00:00 0 
7f25405d1000-7f2547899000 ---p 00000000 00:00 0 
7f2547899000-7f2550000000 r--s 00000000 08:01 54789209                   /usr/lib/jvm/java-11-openjdk-amd64/lib/modules
7f2550000000-7f25501b3000 rw-p 00000000 00:00 0 
7f25501b3000-7f2554000000 ---p 00000000 00:00 0 
7f2554011000-7f2554018000 r--p 00000000 08:01 54789193                   /usr/lib/jvm/java-11-openjdk-amd64/lib/libnio.so
7f2554018000-7f2554020000 r-xp 00007000 08:01 54789193                   /usr/lib/jvm/java-11-openjdk-amd64/lib/libnio.so
7f2554020000-7f2554023000 r--p 0000f000 08:01 54789193                   /usr/lib/jvm/java-11-openjdk-amd64/lib/libnio.so
7f2554023000-7f2554024000 r--p 00011000 08:01 54789193                   /usr/lib/jvm/java-11-openjdk-amd64/lib/libnio.so
7f2554024000-7f2554025000 rw-p 00012000 08:01 54789193                   /usr/lib/jvm/java-11-openjdk-amd64/lib/libnio.so
7f2554025000-7f25540ae000 rw-p 00000000 00:00 0 
7f25540ae000-7f25540b5000 ---p 00000000 00:00 0 
7f25540b5000-7f25540b8000 r--p 00000000 08:01 27004483                   /lib/x86_64-linux-gnu/libnss_files-2.31.so
7f25540b8000-7f25540bf000 r-xp 00003000 08:01 27004483                   /lib/x86_64-linux-gnu/libnss_files-2.31.so
7f25540bf000-7f25540c1000 r--p 0000a000 08:01 27004483                   /lib/x86_64-linux-gnu/libnss_files-2.31.so
7f25540c1000-7f25540c2000 r--p 0000b000 08:01 27004483                   /lib/x86_64-linux-gnu/libnss_files-2.31.so
7f25540c2000-7f25540c3000 rw-p 0000c000 08:01 27004483                   /lib/x86_64-linux-gnu/libnss_files-2.31.so
7f25540c3000-7f25540c9000 rw-p 00000000 00:00 0 
7f25540c9000-7f25540ce000 r--p 00000000 08:01 27004478                   /lib/x86_64-linux-gnu/libnsl-2.31.so
7f25540ce000-7f25540de000 r-xp 00005000 08:01 27004478                   /lib/x86_64-linux-gnu/libnsl-2.31.so
7f25540de000-7f25540e2000 r--p 00015000 08:01 27004478                   /lib/x86_64-linux-gnu/libnsl-2.31.so
7f25540e2000-7f25540e3000 r--p 00018000 08:01 27004478                   /lib/x86_64-linux-gnu/libnsl-2.31.so
7f25540e3000-7f25540e4000 rw-p 00019000 08:01 27004478                   /lib/x86_64-linux-gnu/libnsl-2.31.so
7f25540e4000-7f25540e6000 rw-p 00000000 00:00 0 
7f25540e6000-7f25540e9000 r--p 00000000 08:01 27004487                   /lib/x86_64-linux-gnu/libnss_nis-2.31.so
7f25540e9000-7f25540f1000 r-xp 00003000 08:01 27004487                   /lib/x86_64-linux-gnu/libnss_nis-2.31.so
7f25540f1000-7f25540f3000 r--p 0000b000 08:01 27004487                   /lib/x86_64-linux-gnu/libnss_nis-2.31.so
7f25540f3000-7f25540f4000 r--p 0000c000 08:01 27004487                   /lib/x86_64-linux-gnu/libnss_nis-2.31.so
7f25540f4000-7f25540f5000 rw-p 0000d000 08:01 27004487                   /lib/x86_64-linux-gnu/libnss_nis-2.31.so
7f25540f5000-7f25540f7000 r--p 00000000 08:01 27004479                   /lib/x86_64-linux-gnu/libnss_compat-2.31.so
7f25540f7000-7f25540fe000 r-xp 00002000 08:01 27004479                   /lib/x86_64-linux-gnu/libnss_compat-2.31.so
7f25540fe000-7f25540ff000 r--p 00009000 08:01 27004479                   /lib/x86_64-linux-gnu/libnss_compat-2.31.so
7f25540ff000-7f2554100000 r--p 00009000 08:01 27004479                   /lib/x86_64-linux-gnu/libnss_compat-2.31.so
7f2554100000-7f2554101000 rw-p 0000a000 08:01 27004479                   /lib/x86_64-linux-gnu/libnss_compat-2.31.so
7f2554108000-7f255410a000 r--s 0000c000 08:01 53086270                   /usr/share/java/java-atk-wrapper.jar
7f255410a000-7f255410c000 r--p 00000000 08:01 54789208                   /usr/lib/jvm/java-11-openjdk-amd64/lib/libzip.so
7f255410c000-7f2554110000 r-xp 00002000 08:01 54789208                   /usr/lib/jvm/java-11-openjdk-amd64/lib/libzip.so
7f2554110000-7f2554112000 r--p 00006000 08:01 54789208                   /usr/lib/jvm/java-11-openjdk-amd64/lib/libzip.so
7f2554112000-7f2554113000 r--p 00007000 08:01 54789208                   /usr/lib/jvm/java-11-openjdk-amd64/lib/libzip.so
7f2554113000-7f2554114000 rw-p 00008000 08:01 54789208                   /usr/lib/jvm/java-11-openjdk-amd64/lib/libzip.so
7f2554114000-7f255411c000 rw-s 00000000 08:01 21636287                   /tmp/hsperfdata_nariman/38431
7f255411c000-7f255411d000 ---p 00000000 00:00 0 
7f255411d000-7f255411e000 r--p 00000000 00:00 0 
7f255411e000-7f255412c000 r--p 00000000 08:01 54788968                   /usr/lib/jvm/java-11-openjdk-amd64/lib/libjava.so
7f255412c000-7f2554142000 r-xp 0000e000 08:01 54788968                   /usr/lib/jvm/java-11-openjdk-amd64/lib/libjava.so
7f2554142000-7f2554149000 r--p 00024000 08:01 54788968                   /usr/lib/jvm/java-11-openjdk-amd64/lib/libjava.so
7f2554149000-7f255414a000 r--p 0002a000 08:01 54788968                   /usr/lib/jvm/java-11-openjdk-amd64/lib/libjava.so
7f255414a000-7f255414b000 rw-p 0002b000 08:01 54788968                   /usr/lib/jvm/java-11-openjdk-amd64/lib/libjava.so
7f255414b000-7f255414c000 rw-p 00000000 00:00 0 
7f255414c000-7f255414f000 r--p 00000000 08:01 27004494                   /lib/x86_64-linux-gnu/librt-2.31.so
7f255414f000-7f2554153000 r-xp 00003000 08:01 27004494                   /lib/x86_64-linux-gnu/librt-2.31.so
7f2554153000-7f2554154000 r--p 00007000 08:01 27004494                   /lib/x86_64-linux-gnu/librt-2.31.so
7f2554154000-7f2554155000 ---p 00008000 08:01 27004494                   /lib/x86_64-linux-gnu/librt-2.31.so
7f2554155000-7f2554156000 r--p 00008000 08:01 27004494                   /lib/x86_64-linux-gnu/librt-2.31.so
7f2554156000-7f2554157000 rw-p 00009000 08:01 27004494                   /lib/x86_64-linux-gnu/librt-2.31.so
7f2554157000-7f255415b000 ---p 00000000 00:00 0 
7f255415b000-7f2554258000 rw-p 00000000 00:00 0 
7f2554258000-7f255425b000 r--p 00000000 08:01 27000848                   /lib/x86_64-linux-gnu/libgcc_s.so.1
7f255425b000-7f255426d000 r-xp 00003000 08:01 27000848                   /lib/x86_64-linux-gnu/libgcc_s.so.1
7f255426d000-7f2554271000 r--p 00015000 08:01 27000848                   /lib/x86_64-linux-gnu/libgcc_s.so.1
7f2554271000-7f2554272000 r--p 00018000 08:01 27000848                   /lib/x86_64-linux-gnu/libgcc_s.so.1
7f2554272000-7f2554273000 rw-p 00019000 08:01 27000848                   /lib/x86_64-linux-gnu/libgcc_s.so.1
7f2554273000-7f2554282000 r--p 00000000 08:01 27004475                   /lib/x86_64-linux-gnu/libm-2.31.so
7f2554282000-7f2554329000 r-xp 0000f000 08:01 27004475                   /lib/x86_64-linux-gnu/libm-2.31.so
7f2554329000-7f25543c0000 r--p 000b6000 08:01 27004475                   /lib/x86_64-linux-gnu/libm-2.31.so
7f25543c0000-7f25543c1000 r--p 0014c000 08:01 27004475                   /lib/x86_64-linux-gnu/libm-2.31.so
7f25543c1000-7f25543c2000 rw-p 0014d000 08:01 27004475                   /lib/x86_64-linux-gnu/libm-2.31.so
7f25543c2000-7f2554458000 r--p 00000000 08:01 52690964                   /usr/lib/x86_64-linux-gnu/libstdc++.so.6.0.28
7f2554458000-7f2554548000 r-xp 00096000 08:01 52690964                   /usr/lib/x86_64-linux-gnu/libstdc++.so.6.0.28
7f2554548000-7f2554591000 r--p 00186000 08:01 52690964                   /usr/lib/x86_64-linux-gnu/libstdc++.so.6.0.28
7f2554591000-7f2554592000 ---p 001cf000 08:01 52690964                   /usr/lib/x86_64-linux-gnu/libstdc++.so.6.0.28
7f2554592000-7f255459d000 r--p 001cf000 08:01 52690964                   /usr/lib/x86_64-linux-gnu/libstdc++.so.6.0.28
7f255459d000-7f25545a0000 rw-p 001da000 08:01 52690964                   /usr/lib/x86_64-linux-gnu/libstdc++.so.6.0.28
7f25545a0000-7f25545a3000 rw-p 00000000 00:00 0 
7f25545a3000-7f255481c000 r--p 00000000 08:01 54789212                   /usr/lib/jvm/java-11-openjdk-amd64/lib/server/libjvm.so
7f255481c000-7f2555499000 r-xp 00279000 08:01 54789212                   /usr/lib/jvm/java-11-openjdk-amd64/lib/server/libjvm.so
7f2555499000-7f25556ef000 r--p 00ef6000 08:01 54789212                   /usr/lib/jvm/java-11-openjdk-amd64/lib/server/libjvm.so
7f25556ef000-7f25557b0000 r--p 0114b000 08:01 54789212                   /usr/lib/jvm/java-11-openjdk-amd64/lib/server/libjvm.so
7f25557b0000-7f25557eb000 rw-p 0120c000 08:01 54789212                   /usr/lib/jvm/java-11-openjdk-amd64/lib/server/libjvm.so
7f25557eb000-7f2555844000 rw-p 00000000 00:00 0 
7f2555844000-7f255584b000 r--p 00000000 08:01 27004492                   /lib/x86_64-linux-gnu/libpthread-2.31.so
7f255584b000-7f255585c000 r-xp 00007000 08:01 27004492                   /lib/x86_64-linux-gnu/libpthread-2.31.so
7f255585c000-7f2555861000 r--p 00018000 08:01 27004492                   /lib/x86_64-linux-gnu/libpthread-2.31.so
7f2555861000-7f2555862000 r--p 0001c000 08:01 27004492                   /lib/x86_64-linux-gnu/libpthread-2.31.so
7f2555862000-7f2555863000 rw-p 0001d000 08:01 27004492                   /lib/x86_64-linux-gnu/libpthread-2.31.so
7f2555863000-7f2555867000 rw-p 00000000 00:00 0 
7f2555867000-7f2555868000 r--p 00000000 08:01 27002789                   /lib/x86_64-linux-gnu/libdl-2.31.so
7f2555868000-7f255586a000 r-xp 00001000 08:01 27002789                   /lib/x86_64-linux-gnu/libdl-2.31.so
7f255586a000-7f255586b000 r--p 00003000 08:01 27002789                   /lib/x86_64-linux-gnu/libdl-2.31.so
7f255586b000-7f255586c000 r--p 00003000 08:01 27002789                   /lib/x86_64-linux-gnu/libdl-2.31.so
7f255586c000-7f255586d000 rw-p 00004000 08:01 27002789                   /lib/x86_64-linux-gnu/libdl-2.31.so
7f255586d000-7f255586f000 r--p 00000000 08:01 27001207                   /lib/x86_64-linux-gnu/libz.so.1.2.11
7f255586f000-7f2555880000 r-xp 00002000 08:01 27001207                   /lib/x86_64-linux-gnu/libz.so.1.2.11
7f2555880000-7f2555886000 r--p 00013000 08:01 27001207                   /lib/x86_64-linux-gnu/libz.so.1.2.11
7f2555886000-7f2555887000 ---p 00019000 08:01 27001207                   /lib/x86_64-linux-gnu/libz.so.1.2.11
7f2555887000-7f2555888000 r--p 00019000 08:01 27001207                   /lib/x86_64-linux-gnu/libz.so.1.2.11
7f2555888000-7f2555889000 rw-p 0001a000 08:01 27001207                   /lib/x86_64-linux-gnu/libz.so.1.2.11
7f2555889000-7f25558ae000 r--p 00000000 08:01 27000928                   /lib/x86_64-linux-gnu/libc-2.31.so
7f25558ae000-7f2555a26000 r-xp 00025000 08:01 27000928                   /lib/x86_64-linux-gnu/libc-2.31.so
7f2555a26000-7f2555a70000 r--p 0019d000 08:01 27000928                   /lib/x86_64-linux-gnu/libc-2.31.so
7f2555a70000-7f2555a71000 ---p 001e7000 08:01 27000928                   /lib/x86_64-linux-gnu/libc-2.31.so
7f2555a71000-7f2555a74000 r--p 001e7000 08:01 27000928                   /lib/x86_64-linux-gnu/libc-2.31.so
7f2555a74000-7f2555a77000 rw-p 001ea000 08:01 27000928                   /lib/x86_64-linux-gnu/libc-2.31.so
7f2555a77000-7f2555a7b000 rw-p 00000000 00:00 0 
7f2555a7b000-7f2555a7d000 r--p 00000000 08:01 54788974                   /usr/lib/jvm/java-11-openjdk-amd64/lib/libjimage.so
7f2555a7d000-7f2555a80000 r-xp 00002000 08:01 54788974                   /usr/lib/jvm/java-11-openjdk-amd64/lib/libjimage.so
7f2555a80000-7f2555a81000 r--p 00005000 08:01 54788974                   /usr/lib/jvm/java-11-openjdk-amd64/lib/libjimage.so
7f2555a81000-7f2555a82000 ---p 00006000 08:01 54788974                   /usr/lib/jvm/java-11-openjdk-amd64/lib/libjimage.so
7f2555a82000-7f2555a83000 r--p 00006000 08:01 54788974                   /usr/lib/jvm/java-11-openjdk-amd64/lib/libjimage.so
7f2555a83000-7f2555a84000 rw-p 00007000 08:01 54788974                   /usr/lib/jvm/java-11-openjdk-amd64/lib/libjimage.so
7f2555a84000-7f2555a89000 r--p 00000000 08:01 54789207                   /usr/lib/jvm/java-11-openjdk-amd64/lib/libverify.so
7f2555a89000-7f2555a90000 r-xp 00005000 08:01 54789207                   /usr/lib/jvm/java-11-openjdk-amd64/lib/libverify.so
7f2555a90000-7f2555a92000 r--p 0000c000 08:01 54789207                   /usr/lib/jvm/java-11-openjdk-amd64/lib/libverify.so
7f2555a92000-7f2555a93000 ---p 0000e000 08:01 54789207                   /usr/lib/jvm/java-11-openjdk-amd64/lib/libverify.so
7f2555a93000-7f2555a95000 r--p 0000e000 08:01 54789207                   /usr/lib/jvm/java-11-openjdk-amd64/lib/libverify.so
7f2555a95000-7f2555a96000 rw-p 00010000 08:01 54789207                   /usr/lib/jvm/java-11-openjdk-amd64/lib/libverify.so
7f2555a96000-7f2555a99000 r--p 00000000 08:01 54788929                   /usr/lib/jvm/java-11-openjdk-amd64/lib/jli/libjli.so
7f2555a99000-7f2555aa3000 r-xp 00003000 08:01 54788929                   /usr/lib/jvm/java-11-openjdk-amd64/lib/jli/libjli.so
7f2555aa3000-7f2555aa6000 r--p 0000d000 08:01 54788929                   /usr/lib/jvm/java-11-openjdk-amd64/lib/jli/libjli.so
7f2555aa6000-7f2555aa7000 ---p 00010000 08:01 54788929                   /usr/lib/jvm/java-11-openjdk-amd64/lib/jli/libjli.so
7f2555aa7000-7f2555aa8000 r--p 00010000 08:01 54788929                   /usr/lib/jvm/java-11-openjdk-amd64/lib/jli/libjli.so
7f2555aa8000-7f2555aa9000 rw-p 00011000 08:01 54788929                   /usr/lib/jvm/java-11-openjdk-amd64/lib/jli/libjli.so
7f2555aa9000-7f2555aab000 rw-p 00000000 00:00 0 
7f2555aab000-7f2555aac000 r--p 00000000 08:01 27000922                   /lib/x86_64-linux-gnu/ld-2.31.so
7f2555aac000-7f2555acf000 r-xp 00001000 08:01 27000922                   /lib/x86_64-linux-gnu/ld-2.31.so
7f2555acf000-7f2555ad7000 r--p 00024000 08:01 27000922                   /lib/x86_64-linux-gnu/ld-2.31.so
7f2555ad8000-7f2555ad9000 r--p 0002c000 08:01 27000922                   /lib/x86_64-linux-gnu/ld-2.31.so
7f2555ad9000-7f2555ada000 rw-p 0002d000 08:01 27000922                   /lib/x86_64-linux-gnu/ld-2.31.so
7f2555ada000-7f2555adb000 rw-p 00000000 00:00 0 
7ffc09237000-7ffc09258000 rw-p 00000000 00:00 0                          [stack]
7ffc092a7000-7ffc092aa000 r--p 00000000 00:00 0                          [vvar]
7ffc092aa000-7ffc092ab000 r-xp 00000000 00:00 0                          [vdso]
ffffffffff600000-ffffffffff601000 --xp 00000000 00:00 0                  [vsyscall]


VM Arguments:
jvm_args: -Djava.library.path=/home/nariman/webots/lib/controller/java 
java_command: Lab2
java_class_path (initial): /home/nariman/webots/lib/controller/java/Controller.jar:/home/nariman/git/lab2-ecse211_g12/controllers/Lab2/:../lib/simlejos.jar
Launcher Type: SUN_STANDARD

[Global flags]
     intx CICompilerCount                          = 3                                         {product} {ergonomic}
     uint ConcGCThreads                            = 1                                         {product} {ergonomic}
     uint G1ConcRefinementThreads                  = 4                                         {product} {ergonomic}
   size_t G1HeapRegionSize                         = 1048576                                   {product} {ergonomic}
    uintx GCDrainStackTargetSize                   = 64                                        {product} {ergonomic}
   size_t InitialHeapSize                          = 130023424                                 {product} {ergonomic}
   size_t MarkStackSize                            = 4194304                                   {product} {ergonomic}
   size_t MaxHeapSize                              = 2057306112                                {product} {ergonomic}
   size_t MaxNewSize                               = 1234173952                                {product} {ergonomic}
   size_t MinHeapDeltaBytes                        = 1048576                                   {product} {ergonomic}
    uintx NonNMethodCodeHeapSize                   = 5830732                                {pd product} {ergonomic}
    uintx NonProfiledCodeHeapSize                  = 122913754                              {pd product} {ergonomic}
    uintx ProfiledCodeHeapSize                     = 122913754                              {pd product} {ergonomic}
    uintx ReservedCodeCacheSize                    = 251658240                              {pd product} {ergonomic}
     bool SegmentedCodeCache                       = true                                      {product} {ergonomic}
     bool UseCompressedClassPointers               = true                                 {lp64_product} {ergonomic}
     bool UseCompressedOops                        = true                                 {lp64_product} {ergonomic}
     bool UseG1GC                                  = true                                      {product} {ergonomic}

Logging:
Log output configuration:
 #0: stdout all=warning uptime,level,tags
 #1: stderr all=off uptime,level,tags

Environment Variables:
CLASSPATH=../lib/simlejos.jar
PATH=/home/nariman/.local/bin:/opt/GitHub Desktop:/usr/local/sbin:/usr/local/bin:/usr/sbin:/usr/bin:/sbin:/bin:/usr/games:/usr/local/games:/snap/bin
USERNAME=nariman
LD_LIBRARY_PATH=/home/nariman/git/lab2-ecse211_g12/controllers/Lab2:/tmp/webots-30706-k7xuQC//lib;/home/nariman/webots/lib/controller
SHELL=/bin/bash
DISPLAY=:0
LANG=en_CA.UTF-8

Signal Handlers:
SIGSEGV: [libjvm.so+0xe824c0], sa_mask[0]=11111111011111111101111111111110, sa_flags=SA_RESTART|SA_SIGINFO
SIGBUS: [libjvm.so+0xe824c0], sa_mask[0]=11111111011111111101111111111110, sa_flags=SA_RESTART|SA_SIGINFO
SIGFPE: [libjvm.so+0xe824c0], sa_mask[0]=11111111011111111101111111111110, sa_flags=SA_RESTART|SA_SIGINFO
SIGPIPE: [libjvm.so+0xbc8ee0], sa_mask[0]=11111111011111111101111111111110, sa_flags=SA_RESTART|SA_SIGINFO
SIGXFSZ: [libjvm.so+0xbc8ee0], sa_mask[0]=11111111011111111101111111111110, sa_flags=SA_RESTART|SA_SIGINFO
SIGILL: [libjvm.so+0xe824c0], sa_mask[0]=11111111011111111101111111111110, sa_flags=SA_RESTART|SA_SIGINFO
SIGUSR2: [libjvm.so+0xbc8d80], sa_mask[0]=00000000000000000000000000000000, sa_flags=SA_RESTART|SA_SIGINFO
SIGHUP: [libjvm.so+0xbc9220], sa_mask[0]=11111111011111111101111111111110, sa_flags=SA_RESTART|SA_SIGINFO
SIGINT: [libjvm.so+0xbc9220], sa_mask[0]=11111111011111111101111111111110, sa_flags=SA_RESTART|SA_SIGINFO
SIGTERM: [libjvm.so+0xbc9220], sa_mask[0]=11111111011111111101111111111110, sa_flags=SA_RESTART|SA_SIGINFO
SIGQUIT: [libjvm.so+0xbc9220], sa_mask[0]=11111111011111111101111111111110, sa_flags=SA_RESTART|SA_SIGINFO


---------------  S Y S T E M  ---------------

OS:DISTRIB_ID=Ubuntu
DISTRIB_RELEASE=20.04
DISTRIB_CODENAME=focal
DISTRIB_DESCRIPTION="Ubuntu 20.04.1 LTS"
uname:Linux 5.4.0-65-generic #73-Ubuntu SMP Mon Jan 18 17:25:17 UTC 2021 x86_64
OS uptime: 0 days 4:34 hours
libc:glibc 2.31 NPTL 2.31 
rlimit (soft/hard): STACK 8192k/infinity , CORE 0k/infinity , NPROC 31167/31167 , NOFILE 1048576/1048576 , AS infinity/infinity , CPU infinity/infinity , DATA infinity/infinity , FSIZE infinity/infinity , MEMLOCK 65536k/65536k
load average:0.57 0.62 0.89

/proc/meminfo:
MemTotal:        8035808 kB
MemFree:          174760 kB
MemAvailable:    2466244 kB
Buffers:          641400 kB
Cached:          2699968 kB
SwapCached:        20968 kB
Active:          4866032 kB
Inactive:        2036236 kB
Active(anon):    3896868 kB
Inactive(anon):   806464 kB
Active(file):     969164 kB
Inactive(file):  1229772 kB
Unevictable:      169076 kB
Mlocked:             100 kB
SwapTotal:       2097148 kB
SwapFree:        1124604 kB
Dirty:               100 kB
Writeback:             0 kB
AnonPages:       3716808 kB
Mapped:           643772 kB
Shmem:           1144508 kB
KReclaimable:     400388 kB
Slab:             624060 kB
SReclaimable:     400388 kB
SUnreclaim:       223672 kB
KernelStack:       20320 kB
PageTables:        47748 kB
NFS_Unstable:          0 kB
Bounce:                0 kB
WritebackTmp:          0 kB
CommitLimit:     6115052 kB
Committed_AS:   13662280 kB
VmallocTotal:   34359738367 kB
VmallocUsed:       46604 kB
VmallocChunk:          0 kB
Percpu:             8800 kB
HardwareCorrupted:     0 kB
AnonHugePages:     28672 kB
ShmemHugePages:        0 kB
ShmemPmdMapped:        0 kB
FileHugePages:         0 kB
FilePmdMapped:         0 kB
CmaTotal:              0 kB
CmaFree:               0 kB
HugePages_Total:       0
HugePages_Free:        0
HugePages_Rsvd:        0
HugePages_Surp:        0
Hugepagesize:       2048 kB
Hugetlb:               0 kB
DirectMap4k:      465408 kB
DirectMap2M:     6760448 kB
DirectMap1G:     1048576 kB

/sys/kernel/mm/transparent_hugepage/enabled:
always [madvise] never
/sys/kernel/mm/transparent_hugepage/defrag (defrag/compaction efforts parameter):
always defer defer+madvise [madvise] never

/proc/sys/kernel/threads-max (system-wide limit on the number of threads):
62335
/proc/sys/vm/max_map_count (maximum number of memory map areas a process may have):
65530
/proc/sys/kernel/pid_max (system-wide limit on number of process identifiers):
4194304

container (cgroup) information:
container_type: cgroupv1
cpu_cpuset_cpus: 0-3
cpu_memory_nodes: 0
active_processor_count: 4
cpu_quota: -1
cpu_period: 100000
cpu_shares: -1
memory_limit_in_bytes: -1
memory_and_swap_limit_in_bytes: -2
memory_soft_limit_in_bytes: -1
memory_usage_in_bytes: 6081138688
memory_max_usage_in_bytes: 7396814848

Steal ticks since vm start: 0
Steal ticks percentage since vm start:  0.000

CPU:total 4 (initial active 4) (2 cores per cpu, 2 threads per core) family 6 model 69 stepping 1, cmov, cx8, fxsr, mmx, sse, sse2, sse3, ssse3, sse4.1, sse4.2, popcnt, avx, avx2, aes, clmul, erms, lzcnt, ht, tsc, tscinvbit, bmi1, bmi2, fma
CPU Model and flags from /proc/cpuinfo:
model name	: Intel(R) Core(TM) i7-4510U CPU @ 2.00GHz
flags		: fpu vme de pse tsc msr pae mce cx8 apic sep mtrr pge mca cmov pat pse36 clflush dts acpi mmx fxsr sse sse2 ss ht tm pbe syscall nx pdpe1gb rdtscp lm constant_tsc arch_perfmon pebs bts rep_good nopl xtopology nonstop_tsc cpuid aperfmperf pni pclmulqdq dtes64 monitor ds_cpl vmx est tm2 ssse3 sdbg fma cx16 xtpr pdcm pcid sse4_1 sse4_2 movbe popcnt tsc_deadline_timer aes xsave avx f16c rdrand lahf_lm abm cpuid_fault epb invpcid_single pti ssbd ibrs ibpb stibp tpr_shadow vnmi flexpriority ept vpid ept_ad fsgsbase tsc_adjust bmi1 avx2 smep bmi2 erms invpcid xsaveopt dtherm ida arat pln pts md_clear flush_l1d
Online cpus:
0-3
Offline cpus:
4-7
BIOS frequency limitation:
<Not Available>
Frequency switch latency (ns):
0
Available cpu frequencies:
<Not Available>
Current governor:
powersave
Core performance/turbo boost:
<Not Available>

Memory: 4k page, physical 8035808k(174760k free), swap 2097148k(1124604k free)

vm_info: OpenJDK 64-Bit Server VM (11.0.9.1+1-Ubuntu-0ubuntu1.20.04) for linux-amd64 JRE (11.0.9.1+1-Ubuntu-0ubuntu1.20.04), built on Nov 10 2020 04:18:42 by "unknown" with gcc 9.3.0

END.
